This is TeX, Version 3.14159 (Web2C 7.3.1) (format=hlatex 2001.2.19)  24 FEB 2001 09:56
**&hlatex talk
(talk.tex
LaTeX2e <1998/06/01>
Babel <v3.6x> and hyphenation patterns for american, french, german, ngerman, i
talian, nohyphenation, loaded.
Hangul LaTeX2e (hLaTeXp) <1998/11/20>
(C) Jae Choon Cha
    Knot Theory Research Group, KAIST
(/usr/share/texmf/tex/latex/base/slides.cls
Document Class: slides 1997/08/15 v2.3z Standard LaTeX document class
(/usr/share/texmf/tex/latex/base/slides.def
File: slides.def 1997/08/15 v2.3z SLiTeX definitions
 hacks, slides,
\c@page=\count79
 picture, mods,
\@smashboxa=\box26
\@smashboxb=\box27
\@smashboxc=\box28

output, init) (/usr/share/texmf/tex/latex/base/sfonts.def
File: sfonts.def 1998/06/12 v2.2e Standard LaTeX slide font definitions

(/usr/share/texmf/tex/latex/base/ot1lcmss.fd
File: ot1lcmss.fd 1998/06/12 v2.2e Standard LaTeX slide font definitions
))
\c@minutes=\count80
\c@seconds=\count81
\c@mv@invisible=\count82
LaTeX Font Info:    Overwriting symbol font `operators' in version `normal'
(Font)                  OT1/cmr/m/n --> OT1/lcmss/m/n on input line 351.
LaTeX Font Info:    Overwriting symbol font `letters' in version `normal'
(Font)                  OML/cmm/m/it --> OML/lcmm/m/it on input line 354.
LaTeX Font Info:    Overwriting symbol font `symbols' in version `normal'
(Font)                  OMS/cmsy/m/n --> OMS/lcmsy/m/n on input line 356.
LaTeX Font Info:    Overwriting symbol font `largesymbols' in version `normal'
(Font)                  OMX/cmex/m/n --> OMX/lcmex/m/n on input line 358.
LaTeX Font Info:    Overwriting symbol font `operators' in version `invisible'
(Font)                  OT1/cmr/m/n --> OT1/lcmss/m/In on input line 361.
LaTeX Font Info:    Overwriting symbol font `letters' in version `invisible'
(Font)                  OML/cmm/m/it --> OML/lcmm/m/Iit on input line 363.
LaTeX Font Info:    Overwriting symbol font `symbols' in version `invisible'
(Font)                  OMS/cmsy/m/n --> OMS/lcmsy/m/In on input line 365.
LaTeX Font Info:    Overwriting symbol font `largesymbols' in version `invisibl
e'
(Font)                  OMX/cmex/m/n --> OMX/lcmex/m/In on input line 367.
) (/home/kwang/latex/proof.sty
\inferLineSkip=\dimen104
\inferLabelSkip=\dimen105
\@LeftOffset=\dimen106
\@RightOffset=\dimen107
\@SavedLeftOffset=\dimen108
\UpperWidth=\dimen109
\LowerWidth=\dimen110
\LowerHeight=\dimen111
\UpperLeftOffset=\dimen112
\UpperRightOffset=\dimen113
\UpperCenter=\dimen114
\LowerCenter=\dimen115
\UpperAdjust=\dimen116
\RuleAdjust=\dimen117
\LowerAdjust=\dimen118
\RuleWidth=\dimen119
\HLabelAdjust=\dimen120
\VLabelAdjust=\dimen121
\WidthAdjust=\dimen122
\@UpperPart=\box29
\@LowerPart=\box30
\@LabelPart=\box31
\ResultBox=\box32
)
(/usr/share/texmf/tex/latex/tools/xspace.sty
Package: xspace 1997/10/13 v1.06 Space after command names (DPC)
)
(/usr/share/texmf/tex/latex/amslatex/amsmath.sty
Package: amsmath 1997/03/20 v1.2d AMS math features
\@mathmargin=\skip41

(/usr/share/texmf/tex/latex/amslatex/amstext.sty
Package: amstext 1996/10/28 v1.2b

(/usr/share/texmf/tex/latex/amslatex/amsgen.sty
File: amsgen 1996/10/29 v1.2b
\@emptytoks=\toks14
\ex@=\dimen123
))
(/usr/share/texmf/tex/latex/amslatex/amsbsy.sty
Package: amsbsy 1996/10/28 v1.2b
\pmbraise@=\dimen124
)
(/usr/share/texmf/tex/latex/amslatex/amsopn.sty
Package: amsopn 1996/10/28 v1.2b operator names
)
LaTeX Info: Redefining \frac on input line 188.
\uproot@=\count83
\leftroot@=\count84
\classnum@=\count85
\DOTSCASE@=\count86
LaTeX Info: Redefining \dots on input line 335.
LaTeX Info: Redefining \ldots on input line 418.
LaTeX Info: Redefining \cdots on input line 422.
\Mathstrutbox@=\box33
\strutbox@=\box34
\big@size=\dimen125
LaTeX Font Info:    Redeclaring font encoding OML on input line 500.
LaTeX Font Info:    Redeclaring font encoding OMS on input line 501.
\skewcharcount@=\count87
\familycount@=\count88
\pointcount@=\count89
\accentdimen@=\dimen126
\accentmu@=\count90
\minaw@=\dimen127
\c@MaxMatrixCols=\count91
\dotsspace@=\muskip10
\c@parentequation=\count92
\dspbrk@lvl=\count93
\tag@help=\toks15
\row@=\count94
\column@=\count95
\maxfields@=\count96
\andhelp@=\toks16
\eqnshift@=\dimen128
\alignsep@=\dimen129
\tagshift@=\dimen130
\tagwidth@=\dimen131
\totwidth@=\dimen132
\lineht@=\dimen133
\@envbody=\toks17
\multlinegap=\skip42
\multlinetaggap=\skip43
)
(/usr/share/texmf/tex/latex/base/latexsym.sty
Package: latexsym 1998/08/17 v2.2e Standard LaTeX package (lasy symbols)
\symlasy=\mathgroup4
LaTeX Font Info:    Overwriting symbol font `lasy' in version `bold'
(Font)                  U/lasy/m/n --> U/lasy/b/n on input line 29.
) (macroA.tex
\c@theorem=\count97
\c@thesis=\count98
\c@proposition=\count99
\c@fact=\count100
\c@lemma=\count101
\c@axiom=\count102
\c@problem=\count103
\c@definition=\count104
\c@example=\count105
\c@exercise=\count106
\c@viewpoint=\count107
\c@property=\count108
\c@homework=\count109
\c@ghomework=\count110
\c@challenge=\count111
\c@side=\count112
) (macroB.tex)
(/usr/share/texmf/tex/latex/graphics/color.sty
Package: color 1999/02/16 v1.0i Standard LaTeX Color (DPC)

(/usr/share/texmf/tex/latex/config/color.cfg)
Package color Info: Driver file: dvips.def on input line 125.

(/usr/share/texmf/tex/latex/graphics/dvips.def
File: dvips.def 1999/02/16 v3.0i Driver-dependant file (DPC,SPQR)
)
(/usr/share/texmf/tex/latex/graphics/dvipsnam.def
File: dvipsnam.def 1999/02/16 v3.0i Driver-dependant file (DPC,SPQR)
))
Package color Info: Redefining color blue on input line 10.
Package color Info: Redefining color red on input line 12.
 (macroTalk) (talk.aux)
\openout1 = `talk.aux'.

LaTeX Font Info:    Checking defaults for OML/cmm/m/it on input line 43.
LaTeX Font Info:    ... okay on input line 43.
LaTeX Font Info:    Checking defaults for T1/cmr/m/n on input line 43.
LaTeX Font Info:    ... okay on input line 43.
LaTeX Font Info:    Checking defaults for OT1/lcmss/m/n on input line 43.
LaTeX Font Info:    ... okay on input line 43.
LaTeX Font Info:    Checking defaults for OMS/cmsy/m/n on input line 43.
LaTeX Font Info:    ... okay on input line 43.
LaTeX Font Info:    Checking defaults for OMX/cmex/m/n on input line 43.
LaTeX Font Info:    ... okay on input line 43.
LaTeX Font Info:    Checking defaults for U/cmr/m/n on input line 43.
LaTeX Font Info:    ... okay on input line 43.


! LaTeX Error: There's no line here to end.

See the LaTeX manual or LaTeX Companion for explanation.
Type  H <return>  for immediate help.
 ...                                              
                                                  
l.46   \maketitle
                 
? 
LaTeX Font Info:    Try loading font information for OT1+lcmtt on input line 46
.
(/usr/share/texmf/tex/latex/base/ot1lcmtt.fd
File: ot1lcmtt.fd 1998/06/12 v2.2e Standard LaTeX slide font definitions
) [1

]
LaTeX Font Info:    Try loading font information for OML+lcmm on input line 52.


(/usr/share/texmf/tex/latex/base/omllcmm.fd
File: omllcmm.fd 1998/06/12 v2.2e Standard LaTeX slide font definitions
)
LaTeX Font Info:    Try loading font information for OMS+lcmsy on input line 52
.

(/usr/share/texmf/tex/latex/base/omslcmsy.fd
File: omslcmsy.fd 1998/06/12 v2.2e Standard LaTeX slide font definitions
)
LaTeX Font Info:    Try loading font information for OMX+lcmex on input line 52
.

(/usr/share/texmf/tex/latex/base/omxlcmex.fd
File: omxlcmex.fd 1998/06/12 v2.2e Standard LaTeX slide font definitions
)
LaTeX Font Info:    External font `cmex10 at17.28pt' loaded for size
(Font)              <23.89> on input line 52.
LaTeX Font Info:    External font `cmex10 at17.28pt' loaded for size
(Font)              <19.907> on input line 52.
LaTeX Font Info:    External font `cmex10 at17.28pt' loaded for size
(Font)              <16.59> on input line 52.
LaTeX Font Info:    External font `cmex10 at17.28pt' loaded for size
(Font)              <13.82> on input line 55.
 [1] [2] [3] [4]

LaTeX Font Warning: Font shape `OT1/cmr/m/it' in size <19.907> not available
(Font)              size <20.74> substituted on input line 100.


LaTeX Font Warning: Font shape `OT1/cmr/m/it' in size <16.59> not available
(Font)              size <17.28> substituted on input line 100.


LaTeX Font Warning: Font shape `OT1/cmr/m/it' in size <13.82> not available
(Font)              size <14.4> substituted on input line 100.

[5]

LaTeX Font Warning: Font shape `OT1/cmr/m/it' in size <23.89> not available
(Font)              size <24.88> substituted on input line 109.

[6] [7]
Overfull \vbox (10.0pt too high) has occurred while \output is active []

 [7]
Underfull \hbox (badness 10000) in paragraph at lines 158--161

 []


Underfull \hbox (badness 10000) in paragraph at lines 158--161

 []


Underfull \hbox (badness 10000) in paragraph at lines 158--161

 []

[8] [9] [10] [11] [12] [13] [14] [15] [15]
Overfull \vbox (15.54636pt too high) has occurred while \output is active []


[15]
Overfull \vbox (82.0pt too high) has occurred while \output is active []

 [15]
Overfull \hbox (74.48407pt too wide) in paragraph at lines 371--371
[] 
 []


Overfull \hbox (74.48407pt too wide) in alignment at lines 347--371
 [] 
 []


Overfull \vbox (14.0pt too high) has occurred while \output is active []

 [15]
[15]
Overfull \vbox (62.0pt too high) has occurred while \output is active []

 [15]
Overfull \hbox (69.48714pt too wide) in paragraph at lines 440--440
[] 
 []


Overfull \hbox (69.48714pt too wide) in alignment at lines 416--440
 [] 
 []


Overfull \vbox (14.0pt too high) has occurred while \output is active []

 [15]
Overfull \hbox (24.68231pt too wide) in paragraph at lines 467--467
[] 
 []


Overfull \hbox (24.68231pt too wide) in alignment at lines 441--467
 [] 
 []

[15] [15] [16] [17] (talk.aux)

LaTeX Font Warning: Size substitutions with differences
(Font)              up to 0.99pt have occured.

 ) 
Here is how much of TeX's memory you used:
 1995 strings out of 8437
 25186 string characters out of 80388
 113447 words of memory out of 263001
 7406 multiletter control sequences out of 10000+0
 16228 words of font info for 63 fonts, out of 400000 for 1000
 14 hyphenation exceptions out of 1000
 27i,14n,21p,232b,760s stack positions out of 300i,100n,500p,50000b,4000s

Output written on talk.dvi (28 pages, 33436 bytes).
