This is TeX, Version 3.14159 (Web2C 7.3.1) (format=latex 2002.9.19)  9 OCT 2002 18:20
**talk-02
(talk-02.tex
LaTeX2e <1999/12/01> patch level 1
Babel <v3.6Z> and hyphenation patterns for american, french, german, ngerman, n
ohyphenation, loaded.
(/user6/latex/texmf/tex/latex/base/slides.cls
Document Class: slides 1997/08/15 v2.3z Standard LaTeX document class
(/user6/latex/texmf/tex/latex/base/slides.def
File: slides.def 1997/08/15 v2.3z SLiTeX definitions
 hacks, slides,
\c@page=\count79
 picture, mods,
\@smashboxa=\box26
\@smashboxb=\box27
\@smashboxc=\box28

output, init) (/user6/latex/texmf/tex/latex/base/sfonts.def
File: sfonts.def 1998/06/12 v2.2e Standard LaTeX slide font definitions

(/user6/latex/texmf/tex/latex/base/ot1lcmss.fd
File: ot1lcmss.fd 1998/06/12 v2.2e Standard LaTeX slide font definitions
))
\c@minutes=\count80
\c@seconds=\count81
\c@mv@invisible=\count82
LaTeX Font Info:    Overwriting symbol font `operators' in version `normal'
(Font)                  OT1/cmr/m/n --> OT1/lcmss/m/n on input line 364.
LaTeX Font Info:    Overwriting symbol font `letters' in version `normal'
(Font)                  OML/cmm/m/it --> OML/lcmm/m/it on input line 367.
LaTeX Font Info:    Overwriting symbol font `symbols' in version `normal'
(Font)                  OMS/cmsy/m/n --> OMS/lcmsy/m/n on input line 369.
LaTeX Font Info:    Overwriting symbol font `largesymbols' in version `normal'
(Font)                  OMX/cmex/m/n --> OMX/lcmex/m/n on input line 371.
LaTeX Font Info:    Overwriting symbol font `operators' in version `invisible'
(Font)                  OT1/cmr/m/n --> OT1/lcmss/m/In on input line 374.
LaTeX Font Info:    Overwriting symbol font `letters' in version `invisible'
(Font)                  OML/cmm/m/it --> OML/lcmm/m/Iit on input line 376.
LaTeX Font Info:    Overwriting symbol font `symbols' in version `invisible'
(Font)                  OMS/cmsy/m/n --> OMS/lcmsy/m/In on input line 378.
LaTeX Font Info:    Overwriting symbol font `largesymbols' in version `invisibl
e'
(Font)                  OMX/cmex/m/n --> OMX/lcmex/m/In on input line 380.
) (/home/kwang/latex/proof.sty
\inferLineSkip=\dimen102
\inferLabelSkip=\dimen103
\@LeftOffset=\dimen104
\@RightOffset=\dimen105
\@SavedLeftOffset=\dimen106
\UpperWidth=\dimen107
\LowerWidth=\dimen108
\LowerHeight=\dimen109
\UpperLeftOffset=\dimen110
\UpperRightOffset=\dimen111
\UpperCenter=\dimen112
\LowerCenter=\dimen113
\UpperAdjust=\dimen114
\RuleAdjust=\dimen115
\LowerAdjust=\dimen116
\RuleWidth=\dimen117
\HLabelAdjust=\dimen118
\VLabelAdjust=\dimen119
\WidthAdjust=\dimen120
\@UpperPart=\box29
\@LowerPart=\box30
\@LabelPart=\box31
\ResultBox=\box32
) (/user6/latex/texmf/tex/latex/base/latexsym.sty
Package: latexsym 1998/08/17 v2.2e Standard LaTeX package (lasy symbols)
\symlasy=\mathgroup4
LaTeX Font Info:    Overwriting symbol font `lasy' in version `bold'
(Font)                  U/lasy/m/n --> U/lasy/b/n on input line 42.
) (/home/kwang/latex/eepic.sty
Extension to Epic and LaTeX. Version 1.1b - Released Febrary 7, 1988
\@gphlinewidth=\count83
\@eepictcnt=\count84
\@tempdimc=\dimen121
\maxovaldiam=\dimen122
\@filltype=\box33
) (/home/kwang/latex/psfig.sty
\@unused=\write3

psfig/tex 1.9
\ps@stream=\read1
\p@intvaluex=\dimen123
\p@intvaluey=\dimen124
) (/home/kwang/latex/mine/macroA.tex
\c@solution=\count85
\c@theorem=\count86
\c@thesis=\count87
\c@proposition=\count88
\c@fact=\count89
\c@lemma=\count90
\c@axiom=\count91
\c@problem=\count92
\c@definition=\count93
\c@example=\count94
\c@exercise=\count95
\c@viewpoint=\count96
\c@property=\count97
\c@homework=\count98
\c@ghomework=\count99
\c@challenge=\count100
\c@side=\count101
) (/home/kwang/latex/mine/macroB.tex)
(/home/kwang/latex/cousot/galois.sty/galois.sty

LaTeX Warning: You have requested package `cousot/galois.sty/galois',
               but the package provides `galois'.

Package: galois 1997/05/19 v1.0 LaTeX2e package for Galois connections
LaTeX2e package for Galois connections, v1.0, 1997/05/19, P. Cousot
\GaloisSep=\skip41
\@GALOISalphadepth=\skip42
\@GALOISalphaheight=\skip43
\@GALOISgammadepth=\skip44
\@GALOISgammaheight=\skip45
\@GALOISwidth=\skip46
\@GALOISheight=\skip47
\@GALOISdepth=\skip48
\@GALOIStotalheight=\skip49
\@GALOISGap=\skip50
\@GALOISalphaarrowwidth=\skip51
\@GALOISalphaarrowhalfheight=\skip52
\@GALOISgammaarrowwidth=\skip53
\@GALOISgammaarrowhalfheight=\skip54
) (talk-02.aux)
\openout1 = `talk-02.aux'.

LaTeX Font Info:    Checking defaults for OML/cmm/m/it on input line 56.
LaTeX Font Info:    ... okay on input line 56.
LaTeX Font Info:    Checking defaults for T1/cmr/m/n on input line 56.
LaTeX Font Info:    ... okay on input line 56.
LaTeX Font Info:    Checking defaults for OT1/lcmss/m/n on input line 56.
LaTeX Font Info:    ... okay on input line 56.
LaTeX Font Info:    Checking defaults for OMS/cmsy/m/n on input line 56.
LaTeX Font Info:    ... okay on input line 56.
LaTeX Font Info:    Checking defaults for OMX/cmex/m/n on input line 56.
LaTeX Font Info:    ... okay on input line 56.
LaTeX Font Info:    Checking defaults for U/cmr/m/n on input line 56.
LaTeX Font Info:    ... okay on input line 56.
 [0

]
LaTeX Font Info:    Try loading font information for OML+lcmm on input line 77.

 (/user6/latex/texmf/tex/latex/base/omllcmm.fd
File: omllcmm.fd 1998/06/12 v2.2e Standard LaTeX slide font definitions
)
LaTeX Font Info:    Try loading font information for OMS+lcmsy on input line 77
.

(/user6/latex/texmf/tex/latex/base/omslcmsy.fd
File: omslcmsy.fd 1998/06/12 v2.2e Standard LaTeX slide font definitions
)
LaTeX Font Info:    Try loading font information for OMX+lcmex on input line 77
.

(/user6/latex/texmf/tex/latex/base/omxlcmex.fd
File: omxlcmex.fd 1998/06/12 v2.2e Standard LaTeX slide font definitions
)
LaTeX Font Info:    External font `cmex10 at17.28pt' loaded for size
(Font)              <23.89> on input line 77.
LaTeX Font Info:    External font `cmex10 at17.28pt' loaded for size
(Font)              <19.907> on input line 77.
LaTeX Font Info:    External font `cmex10 at17.28pt' loaded for size
(Font)              <16.59> on input line 77.
LaTeX Font Info:    External font `cmex10 at17.28pt' loaded for size
(Font)              <13.82> on input line 79.
 [1]
Overfull \hbox (7.23433pt too wide) in paragraph at lines 164--165
[]\OT1/lcmss/m/n/19.907 - model check-ing: computation-tree-logic(CTL) for-mula
 over anal-
 []

[2] [3]
LaTeX Font Info:    Try loading font information for OT1+lcmtt on input line 19
8.
 (/user6/latex/texmf/tex/latex/base/ot1lcmtt.fd
File: ot1lcmtt.fd 1998/06/12 v2.2e Standard LaTeX slide font definitions
)

LaTeX Font Warning: Font shape `OT1/cmr/m/it' in size <19.907> not available
(Font)              size <20.74> substituted on input line 207.


LaTeX Font Warning: Font shape `OT1/cmr/m/it' in size <16.59> not available
(Font)              size <17.28> substituted on input line 207.


LaTeX Font Warning: Font shape `OT1/cmr/m/it' in size <13.82> not available
(Font)              size <14.4> substituted on input line 207.

[4]

Class slides Warning: Slide 4 too long on input line 225.


Overfull \vbox (58.0pt too high) has occurred while \output is active []

 [4]

LaTeX Font Warning: Font shape `OT1/cmr/m/it' in size <23.89> not available
(Font)              size <24.88> substituted on input line 228.

[5]
Overfull \vbox (3.55899pt too high) has occurred while \output is active []


[6] [7]

LaTeX Font Warning: Font shape `OT1/cmtt/m/n' in size <19.907> not available
(Font)              size <20.74> substituted on input line 306.


LaTeX Font Warning: Font shape `OT1/cmtt/m/n' in size <16.59> not available
(Font)              size <17.28> substituted on input line 306.


LaTeX Font Warning: Font shape `OT1/cmtt/m/n' in size <13.82> not available
(Font)              size <14.4> substituted on input line 306.

[8]

Class slides Warning: Slide 8 too long on input line 326.

[8]

Class slides Warning: Slide 8 too long on input line 337.

[8]

LaTeX Font Warning: Font shape `OT1/cmtt/m/n' in size <23.89> not available
(Font)              size <24.88> substituted on input line 339.


Overfull \vbox (8.38002pt too high) has occurred while \output is active []


[9]
Overfull \hbox (24.87488pt too wide) detected at line 393
[]
 []

[10] [11] [12] [13]

Class slides Warning: Slide 13 too long on input line 478.

[13] [14] [15]

Class slides Warning: Slide 15 too long on input line 535.

[15]

Class slides Warning: Slide 15 too long on input line 536.

[15] [16]

Class slides Warning: Slide 16 too long on input line 581.

[16] [17]
Overfull \hbox (12.20073pt too wide) in paragraph at lines 601--603
[]$\OMS/lcmsy/m/n/19.907 f\OT1/lcmss/m/n/19.907 1\OML/lcmm/m/it/19.907 :::\OT1/
lcmss/m/n/19.907 10\OMS/lcmsy/m/n/19.907 g\OML/lcmm/m/it/19.907 ;  \OMS/lcmsy/m
/n/19.907 f\OML/lcmm/m/it/19.907 a; b; c\OMS/lcmsy/m/n/19.907 g\OML/lcmm/m/it/1
9.907 ;  \OT1/lcmss/m/n/19.907 2[]\OML/lcmm/m/it/19.907 ; S[] \OMS/lcmsy/m/n/19
.907 ^^B \OML/lcmm/m/it/19.907 S[];  S[] \OT1/lcmss/m/n/19.907 + \OML/lcmm/m/it
/19.907 S[];  S[] \OMS/lcmsy/m/n/19.907 ! \OML/lcmm/m/it/19.907 S[];  []$ 
 []


Class slides Warning: Slide 17 too long on input line 610.

[17]

Class slides Warning: Slide 17 too long on input line 621.

[17] [18] [19] [20]

Class slides Warning: Slide 20 too long on input line 750.

[20] [21]

Class slides Warning: Slide 21 too long on input line 842.

[21]

Class slides Warning: Slide 21 too long on input line 842.

[21]

Class slides Warning: Slide 21 too long on input line 842.

[21]

Class slides Warning: Slide 21 too long on input line 844.

[21] (talk-02.aux)

LaTeX Font Warning: Size substitutions with differences
(Font)              up to 0.99pt have occured.

 ) 
Here is how much of TeX's memory you used:
 903 strings out of 10901
 10466 string characters out of 147508
 61174 words of memory out of 263001
 3871 multiletter control sequences out of 10000+25000
 11260 words of font info for 44 fonts, out of 400000 for 1500
 14 hyphenation exceptions out of 1000
 23i,24n,19p,182b,403s stack positions out of 300i,100n,500p,50000b,4000s

Output written on talk-02.dvi (36 pages, 25892 bytes).
